**********************************************************************
** Visual Studio 2017 Developer Command Prompt v15.9.29
** Copyright (c) 2017 Microsoft Corporation
**********************************************************************
[vcvarsall.bat] Environment initialized for: 'x86_x64'
CMake Warning (dev) in CMakeLists.txt:
  No project() command is present.  The top-level CMakeLists.txt file must
  contain a literal, direct call to the project() command.  Add a line of
  code such as

    project(ProjectName)

  near the top of the file, but after cmake_minimum_required().

  CMake is pretending there is a "project(Project)" command on the first
  line.
This warning is for project developers.  Use -Wno-dev to suppress it.

-- The C compiler identification is MSVC 19.16.27044.0
-- The CXX compiler identification is MSVC 19.16.27044.0
-- Detecting C compiler ABI info
-- Detecting C compiler ABI info - done
-- Check for working C compiler: C:/Program Files (x86)/Microsoft Visual Studio/2017/Community/VC/Tools/MSVC/14.16.27023/bin/Hostx86/x64/cl.exe - skipped
-- Detecting C compile features
-- Detecting C compile features - done
-- Detecting CXX compiler ABI info
-- Detecting CXX compiler ABI info - done
-- Check for working CXX compiler: C:/Program Files (x86)/Microsoft Visual Studio/2017/Community/VC/Tools/MSVC/14.16.27023/bin/Hostx86/x64/cl.exe - skipped
-- Detecting CXX compile features
-- Detecting CXX compile features - done
-- Using CATKIN_DEVEL_PREFIX: C:/Users/inter/Documents/NatNet_SDK_3.1/NatNetSDK/Industrial_SAM/matlab_msg_gen_ros1/win64/devel
-- Using CMAKE_PREFIX_PATH: C:\Program Files\MATLAB\R2020b\sys\ros1\win64\ros1;C:/Program Files/MATLAB/R2020b/toolbox/ros/mlroscpp/custom_messages
-- This workspace overlays: C:/Program Files/MATLAB/R2020b/sys/ros1/win64/ros1;C:/Program Files/MATLAB/R2020b/toolbox/ros/mlroscpp/custom_messages
-- Found PythonInterp: C:/Users/inter/AppData/Roaming/MathWorks/MATLAB/R2020b/ros1/win64/venv/Scripts/python2.exe (found suitable version "2.7.18", minimum required is "2") 
-- Using PYTHON_EXECUTABLE: C:/Users/inter/AppData/Roaming/MathWorks/MATLAB/R2020b/ros1/win64/venv/Scripts/python2.exe
-- Using default Python package layout
CMake Warning (dev) at C:/Program Files/CMake/share/cmake-3.18/Modules/FindPackageHandleStandardArgs.cmake:273 (message):
  The package name passed to `find_package_handle_standard_args` (PY_em) does
  not match the name of the calling package (catkin).  This can lead to
  problems in calling code that expects `find_package` result variables
  (e.g., `_FOUND`) to follow a certain pattern.
Call Stack (most recent call first):
  C:/Program Files/MATLAB/R2020b/sys/ros1/win64/ros1/share/catkin/cmake/empy.cmake:20 (find_package_handle_standard_args)
  C:/Program Files/MATLAB/R2020b/sys/ros1/win64/ros1/share/catkin/cmake/empy.cmake:27 (find_python_module)
  C:/Program Files/MATLAB/R2020b/sys/ros1/win64/ros1/share/catkin/cmake/all.cmake:164 (include)
  C:/Program Files/MATLAB/R2020b/sys/ros1/win64/ros1/share/catkin/cmake/catkinConfig.cmake:20 (include)
  CMakeLists.txt:56 (find_package)
This warning is for project developers.  Use -Wno-dev to suppress it.

-- Found PY_em: C:\Users\inter\AppData\Roaming\MathWorks\MATLAB\R2020b\ros1\win64\venv\lib\site-packages\em.pyc  
-- Using empy: C:/Users/inter/AppData/Roaming/MathWorks/MATLAB/R2020b/ros1/win64/venv/lib/site-packages/em.pyc
-- Using CATKIN_ENABLE_TESTING: off
-- catkin 0.7.17
-- BUILD_SHARED_LIBS is on
-- BUILD_SHARED_LIBS is on
-- ~~~~~~~~~~~~~~~~~~~~~~~~~~~~~~~~~~~~~~~~~~~~~~~~~
-- ~~  traversing 1 packages in topological order:
-- ~~  - sam_custom_messages
-- ~~~~~~~~~~~~~~~~~~~~~~~~~~~~~~~~~~~~~~~~~~~~~~~~~
-- +++ processing catkin package: 'sam_custom_messages'
-- ==> add_subdirectory(sam_custom_messages)
-- Disabling the following message generators: geneus;genlisp;gennodejs
-- Using these message generators: gencpp;genpy
-- sam_custom_messages: 8 messages, 0 services
-- Configuring done
-- Generating done
CMake Warning:
  Manually-specified variables were not used by the project:

    Boost_NAMESPACE


-- Build files have been written to: C:/Users/inter/Documents/NatNet_SDK_3.1/NatNetSDK/Industrial_SAM/matlab_msg_gen_ros1/win64/build
[1/53] cmd.exe /C "cd /D C:\Users\inter\Documents\NatNet_SDK_3.1\NatNetSDK\Industrial_SAM\matlab_msg_gen_ros1\win64\build\sam_custom_messages && C:\Users\inter\Documents\NatNet_SDK_3.1\NatNetSDK\Industrial_SAM\matlab_msg_gen_ros1\win64\build\catkin_generated\env_cached.bat C:/Users/inter/AppData/Roaming/MathWorks/MATLAB/R2020b/ros1/win64/venv/Scripts/python2.exe "C:/Program Files/MATLAB/R2020b/sys/ros1/win64/ros1/share/genmsg/cmake/../../../lib/genmsg/genmsg_check_deps.py" sam_custom_messages C:/Users/inter/Documents/NatNet_SDK_3.1/NatNetSDK/Industrial_SAM/matlab_msg_gen_ros1/win64/src/sam_custom_messages/msg/current_action.msg std_msgs/Header"
[2/53] cmd.exe /C "cd /D C:\Users\inter\Documents\NatNet_SDK_3.1\NatNetSDK\Industrial_SAM\matlab_msg_gen_ros1\win64\build\sam_custom_messages && C:\Users\inter\Documents\NatNet_SDK_3.1\NatNetSDK\Industrial_SAM\matlab_msg_gen_ros1\win64\build\catkin_generated\env_cached.bat C:/Users/inter/AppData/Roaming/MathWorks/MATLAB/R2020b/ros1/win64/venv/Scripts/python2.exe "C:/Program Files/MATLAB/R2020b/sys/ros1/win64/ros1/share/genmsg/cmake/../../../lib/genmsg/genmsg_check_deps.py" sam_custom_messages C:/Users/inter/Documents/NatNet_SDK_3.1/NatNetSDK/Industrial_SAM/matlab_msg_gen_ros1/win64/src/sam_custom_messages/msg/object_state.msg geometry_msgs/Quaternion:sam_custom_messages/Object:geometry_msgs/Point:std_msgs/Header:geometry_msgs/Pose"
[3/53] cmd.exe /C "cd /D C:\Users\inter\Documents\NatNet_SDK_3.1\NatNetSDK\Industrial_SAM\matlab_msg_gen_ros1\win64\build\sam_custom_messages && C:\Users\inter\Documents\NatNet_SDK_3.1\NatNetSDK\Industrial_SAM\matlab_msg_gen_ros1\win64\build\catkin_generated\env_cached.bat C:/Users/inter/AppData/Roaming/MathWorks/MATLAB/R2020b/ros1/win64/venv/Scripts/python2.exe "C:/Program Files/MATLAB/R2020b/sys/ros1/win64/ros1/share/genmsg/cmake/../../../lib/genmsg/genmsg_check_deps.py" sam_custom_messages C:/Users/inter/Documents/NatNet_SDK_3.1/NatNetSDK/Industrial_SAM/matlab_msg_gen_ros1/win64/src/sam_custom_messages/msg/robot_state.msg geometry_msgs/Quaternion:geometry_msgs/Pose:std_msgs/Header:geometry_msgs/Point:sensor_msgs/JointState"
[4/53] cmd.exe /C "cd /D C:\Users\inter\Documents\NatNet_SDK_3.1\NatNetSDK\Industrial_SAM\matlab_msg_gen_ros1\win64\build\sam_custom_messages && C:\Users\inter\Documents\NatNet_SDK_3.1\NatNetSDK\Industrial_SAM\matlab_msg_gen_ros1\win64\build\catkin_generated\env_cached.bat C:/Users/inter/AppData/Roaming/MathWorks/MATLAB/R2020b/ros1/win64/venv/Scripts/python2.exe "C:/Program Files/MATLAB/R2020b/sys/ros1/win64/ros1/share/genmsg/cmake/../../../lib/genmsg/genmsg_check_deps.py" sam_custom_messages C:/Users/inter/Documents/NatNet_SDK_3.1/NatNetSDK/Industrial_SAM/matlab_msg_gen_ros1/win64/src/sam_custom_messages/msg/diagnostics.msg diagnostic_msgs/KeyValue:std_msgs/Header:diagnostic_msgs/DiagnosticStatus"
[5/53] cmd.exe /C "cd /D C:\Users\inter\Documents\NatNet_SDK_3.1\NatNetSDK\Industrial_SAM\matlab_msg_gen_ros1\win64\build\sam_custom_messages && C:\Users\inter\Documents\NatNet_SDK_3.1\NatNetSDK\Industrial_SAM\matlab_msg_gen_ros1\win64\build\catkin_generated\env_cached.bat C:/Users/inter/AppData/Roaming/MathWorks/MATLAB/R2020b/ros1/win64/venv/Scripts/python2.exe "C:/Program Files/MATLAB/R2020b/sys/ros1/win64/ros1/share/genmsg/cmake/../../../lib/genmsg/genmsg_check_deps.py" sam_custom_messages C:/Users/inter/Documents/NatNet_SDK_3.1/NatNetSDK/Industrial_SAM/matlab_msg_gen_ros1/win64/src/sam_custom_messages/msg/hand_pos.msg geometry_msgs/Quaternion:geometry_msgs/Pose:std_msgs/Header:geometry_msgs/Point"
[6/53] cmd.exe /C "cd /D C:\Users\inter\Documents\NatNet_SDK_3.1\NatNetSDK\Industrial_SAM\matlab_msg_gen_ros1\win64\build\sam_custom_messages && C:\Users\inter\Documents\NatNet_SDK_3.1\NatNetSDK\Industrial_SAM\matlab_msg_gen_ros1\win64\build\catkin_generated\env_cached.bat C:/Users/inter/AppData/Roaming/MathWorks/MATLAB/R2020b/ros1/win64/venv/Scripts/python2.exe "C:/Program Files/MATLAB/R2020b/sys/ros1/win64/ros1/share/genmsg/cmake/../../../lib/genmsg/genmsg_check_deps.py" sam_custom_messages C:/Users/inter/Documents/NatNet_SDK_3.1/NatNetSDK/Industrial_SAM/matlab_msg_gen_ros1/win64/src/sam_custom_messages/msg/capability.msg geometry_msgs/Quaternion:sam_custom_messages/Object:geometry_msgs/Point:std_msgs/Header:geometry_msgs/Pose"
[7/53] cmd.exe /C "cd /D C:\Users\inter\Documents\NatNet_SDK_3.1\NatNetSDK\Industrial_SAM\matlab_msg_gen_ros1\win64\build\sam_custom_messages && C:\Users\inter\Documents\NatNet_SDK_3.1\NatNetSDK\Industrial_SAM\matlab_msg_gen_ros1\win64\build\catkin_generated\env_cached.bat C:/Users/inter/AppData/Roaming/MathWorks/MATLAB/R2020b/ros1/win64/venv/Scripts/python2.exe "C:/Program Files/MATLAB/R2020b/sys/ros1/win64/ros1/share/genmsg/cmake/../../../lib/genmsg/genmsg_check_deps.py" sam_custom_messages C:/Users/inter/Documents/NatNet_SDK_3.1/NatNetSDK/Industrial_SAM/matlab_msg_gen_ros1/win64/src/sam_custom_messages/msg/Object.msg "
[8/53] cmd.exe /C "cd /D C:\Users\inter\Documents\NatNet_SDK_3.1\NatNetSDK\Industrial_SAM\matlab_msg_gen_ros1\win64\build\sam_custom_messages && C:\Users\inter\Documents\NatNet_SDK_3.1\NatNetSDK\Industrial_SAM\matlab_msg_gen_ros1\win64\build\catkin_generated\env_cached.bat C:/Users/inter/AppData/Roaming/MathWorks/MATLAB/R2020b/ros1/win64/venv/Scripts/python2.exe "C:/Program Files/MATLAB/R2020b/sys/ros1/win64/ros1/share/genmsg/cmake/../../../lib/genmsg/genmsg_check_deps.py" sam_custom_messages C:/Users/inter/Documents/NatNet_SDK_3.1/NatNetSDK/Industrial_SAM/matlab_msg_gen_ros1/win64/src/sam_custom_messages/msg/user_prediction.msg std_msgs/Header"
[9/53] Generating Python from MSG sam_custom_messages/current_action
[10/53] Generating Python from MSG sam_custom_messages/hand_pos
[11/53] Generating Python from MSG sam_custom_messages/object_state
[12/53] Generating C++ code from sam_custom_messages/hand_pos.msg
[13/53] Generating C++ code from sam_custom_messages/robot_state.msg
[14/53] Generating C++ code from sam_custom_messages/diagnostics.msg
[15/53] Generating C++ code from sam_custom_messages/capability.msg
[16/53] Generating C++ code from sam_custom_messages/user_prediction.msg
[17/53] Generating C++ code from sam_custom_messages/object_state.msg
[18/53] Generating C++ code from sam_custom_messages/Object.msg
[19/53] Generating C++ code from sam_custom_messages/current_action.msg
[20/53] Generating Python from MSG sam_custom_messages/Object
[21/53] Generating Python from MSG sam_custom_messages/user_prediction
[22/53] Generating Python from MSG sam_custom_messages/robot_state
[23/53] Generating Python from MSG sam_custom_messages/capability
[24/53] Generating Python from MSG sam_custom_messages/diagnostics
[25/53] Building CXX object CMakeFiles\Project__setup_util.py_exec_install_python.dir\f81e684fb9e4ff71439b2914814ce514\_setup_util.py.cpp.obj
[26/53] Generating Python msg __init__.py for sam_custom_messages
[27/53] Linking CXX executable catkin_generated\windows_wrappers\Project__setup_util.py_exec_install_python\_setup_util.py.exe
[28/53] Building CXX object sam_custom_messages\CMakeFiles\sam_custom_messages_matlab.dir\src\sam_custom_messages_capability_common.cpp.obj
[29/53] Building CXX object sam_custom_messages\CMakeFiles\sam_custom_messages_matlab.dir\src\sam_custom_messages_Object_common.cpp.obj
[30/53] Building CXX object sam_custom_messages\CMakeFiles\sam_custom_messages_matlab.dir\src\sam_custom_messages_diagnostics_common.cpp.obj
[31/53] Building CXX object sam_custom_messages\CMakeFiles\sam_custom_messages_matlab.dir\src\sam_custom_messages_current_action_common.cpp.obj
[32/53] Building CXX object sam_custom_messages\CMakeFiles\sam_custom_messages_matlab.dir\src\sam_custom_messages_msg_current_action_publisher.cpp.obj
[33/53] Building CXX object sam_custom_messages\CMakeFiles\sam_custom_messages_matlab.dir\src\sam_custom_messages_msg_Object_publisher.cpp.obj
[34/53] Building CXX object sam_custom_messages\CMakeFiles\sam_custom_messages_matlab.dir\src\sam_custom_messages_msg_capability_publisher.cpp.obj
[35/53] Building CXX object sam_custom_messages\CMakeFiles\sam_custom_messages_matlab.dir\src\sam_custom_messages_msg_Object_subscriber.cpp.obj
[36/53] Building CXX object sam_custom_messages\CMakeFiles\sam_custom_messages_matlab.dir\src\sam_custom_messages_msg_current_action_subscriber.cpp.obj
[37/53] Building CXX object sam_custom_messages\CMakeFiles\sam_custom_messages_matlab.dir\src\sam_custom_messages_msg_diagnostics_subscriber.cpp.obj
[38/53] Building CXX object sam_custom_messages\CMakeFiles\sam_custom_messages_matlab.dir\src\sam_custom_messages_msg_diagnostics_publisher.cpp.obj
[39/53] Building CXX object sam_custom_messages\CMakeFiles\sam_custom_messages_matlab.dir\src\sam_custom_messages_msg_capability_subscriber.cpp.obj
[40/53] Building CXX object sam_custom_messages\CMakeFiles\sam_custom_messages_matlab.dir\src\sam_custom_messages_hand_pos_common.cpp.obj
[41/53] Building CXX object sam_custom_messages\CMakeFiles\sam_custom_messages_matlab.dir\src\sam_custom_messages_object_state_common.cpp.obj
[42/53] Building CXX object sam_custom_messages\CMakeFiles\sam_custom_messages_matlab.dir\src\sam_custom_messages_user_prediction_common.cpp.obj
[43/53] Building CXX object sam_custom_messages\CMakeFiles\sam_custom_messages_matlab.dir\src\sam_custom_messages_msg_object_state_publisher.cpp.obj
[44/53] Building CXX object sam_custom_messages\CMakeFiles\sam_custom_messages_matlab.dir\src\sam_custom_messages_msg_hand_pos_publisher.cpp.obj
[45/53] Building CXX object sam_custom_messages\CMakeFiles\sam_custom_messages_matlab.dir\src\sam_custom_messages_robot_state_common.cpp.obj
[46/53] Building CXX object sam_custom_messages\CMakeFiles\sam_custom_messages_matlab.dir\src\sam_custom_messages_msg_robot_state_publisher.cpp.obj
[47/53] Building CXX object sam_custom_messages\CMakeFiles\sam_custom_messages_matlab.dir\src\sam_custom_messages_msg_hand_pos_subscriber.cpp.obj
[48/53] Building CXX object sam_custom_messages\CMakeFiles\sam_custom_messages_matlab.dir\src\sam_custom_messages_msg_object_state_subscriber.cpp.obj
[49/53] Building CXX object sam_custom_messages\CMakeFiles\sam_custom_messages_matlab.dir\src\sam_custom_messages_msg_user_prediction_publisher.cpp.obj
[50/53] Building CXX object sam_custom_messages\CMakeFiles\sam_custom_messages_matlab.dir\src\sam_custom_messages_msg_robot_state_subscriber.cpp.obj
[51/53] Building CXX object sam_custom_messages\CMakeFiles\sam_custom_messages_matlab.dir\src\sam_custom_messages_msg_user_prediction_subscriber.cpp.obj
[52/53] Linking CXX shared library C:\Users\inter\Documents\NatNet_SDK_3.1\NatNetSDK\Industrial_SAM\matlab_msg_gen_ros1\win64\devel\bin\sam_custom_messages_matlab.dll
   Creating library C:\Users\inter\Documents\NatNet_SDK_3.1\NatNetSDK\Industrial_SAM\matlab_msg_gen_ros1\win64\devel\lib\sam_custom_messages_matlab.lib and object C:\Users\inter\Documents\NatNet_SDK_3.1\NatNetSDK\Industrial_SAM\matlab_msg_gen_ros1\win64\devel\lib\sam_custom_messages_matlab.exp
[52/53] Install the project...
-- Install configuration: "Release"
-- Installing: C:/Users/inter/Documents/NatNet_SDK_3.1/NatNetSDK/Industrial_SAM/matlab_msg_gen_ros1/win64/install/_setup_util.py
-- Installing: C:/Users/inter/Documents/NatNet_SDK_3.1/NatNetSDK/Industrial_SAM/matlab_msg_gen_ros1/win64/install/_setup_util.py.exe
-- Installing: C:/Users/inter/Documents/NatNet_SDK_3.1/NatNetSDK/Industrial_SAM/matlab_msg_gen_ros1/win64/install/env.bat
-- Installing: C:/Users/inter/Documents/NatNet_SDK_3.1/NatNetSDK/Industrial_SAM/matlab_msg_gen_ros1/win64/install/setup.bat
-- Installing: C:/Users/inter/Documents/NatNet_SDK_3.1/NatNetSDK/Industrial_SAM/matlab_msg_gen_ros1/win64/install/local_setup.bat
-- Installing: C:/Users/inter/Documents/NatNet_SDK_3.1/NatNetSDK/Industrial_SAM/matlab_msg_gen_ros1/win64/install/.rosinstall
-- Installing: C:/Users/inter/Documents/NatNet_SDK_3.1/NatNetSDK/Industrial_SAM/matlab_msg_gen_ros1/win64/install/share/sam_custom_messages/msg/Object.msg
-- Installing: C:/Users/inter/Documents/NatNet_SDK_3.1/NatNetSDK/Industrial_SAM/matlab_msg_gen_ros1/win64/install/share/sam_custom_messages/msg/capability.msg
-- Installing: C:/Users/inter/Documents/NatNet_SDK_3.1/NatNetSDK/Industrial_SAM/matlab_msg_gen_ros1/win64/install/share/sam_custom_messages/msg/current_action.msg
-- Installing: C:/Users/inter/Documents/NatNet_SDK_3.1/NatNetSDK/Industrial_SAM/matlab_msg_gen_ros1/win64/install/share/sam_custom_messages/msg/diagnostics.msg
-- Installing: C:/Users/inter/Documents/NatNet_SDK_3.1/NatNetSDK/Industrial_SAM/matlab_msg_gen_ros1/win64/install/share/sam_custom_messages/msg/hand_pos.msg
-- Installing: C:/Users/inter/Documents/NatNet_SDK_3.1/NatNetSDK/Industrial_SAM/matlab_msg_gen_ros1/win64/install/share/sam_custom_messages/msg/object_state.msg
-- Installing: C:/Users/inter/Documents/NatNet_SDK_3.1/NatNetSDK/Industrial_SAM/matlab_msg_gen_ros1/win64/install/share/sam_custom_messages/msg/robot_state.msg
-- Installing: C:/Users/inter/Documents/NatNet_SDK_3.1/NatNetSDK/Industrial_SAM/matlab_msg_gen_ros1/win64/install/share/sam_custom_messages/msg/user_prediction.msg
-- Installing: C:/Users/inter/Documents/NatNet_SDK_3.1/NatNetSDK/Industrial_SAM/matlab_msg_gen_ros1/win64/install/share/sam_custom_messages/cmake/sam_custom_messages-msg-paths.cmake
-- Installing: C:/Users/inter/Documents/NatNet_SDK_3.1/NatNetSDK/Industrial_SAM/matlab_msg_gen_ros1/win64/install/include/sam_custom_messages
-- Installing: C:/Users/inter/Documents/NatNet_SDK_3.1/NatNetSDK/Industrial_SAM/matlab_msg_gen_ros1/win64/install/include/sam_custom_messages/capability.h
-- Installing: C:/Users/inter/Documents/NatNet_SDK_3.1/NatNetSDK/Industrial_SAM/matlab_msg_gen_ros1/win64/install/include/sam_custom_messages/current_action.h
-- Installing: C:/Users/inter/Documents/NatNet_SDK_3.1/NatNetSDK/Industrial_SAM/matlab_msg_gen_ros1/win64/install/include/sam_custom_messages/diagnostics.h
-- Installing: C:/Users/inter/Documents/NatNet_SDK_3.1/NatNetSDK/Industrial_SAM/matlab_msg_gen_ros1/win64/install/include/sam_custom_messages/hand_pos.h
-- Installing: C:/Users/inter/Documents/NatNet_SDK_3.1/NatNetSDK/Industrial_SAM/matlab_msg_gen_ros1/win64/install/include/sam_custom_messages/Object.h
-- Installing: C:/Users/inter/Documents/NatNet_SDK_3.1/NatNetSDK/Industrial_SAM/matlab_msg_gen_ros1/win64/install/include/sam_custom_messages/object_state.h
-- Installing: C:/Users/inter/Documents/NatNet_SDK_3.1/NatNetSDK/Industrial_SAM/matlab_msg_gen_ros1/win64/install/include/sam_custom_messages/robot_state.h
-- Installing: C:/Users/inter/Documents/NatNet_SDK_3.1/NatNetSDK/Industrial_SAM/matlab_msg_gen_ros1/win64/install/include/sam_custom_messages/user_prediction.h
Listing C:/Users/inter/Documents/NatNet_SDK_3.1/NatNetSDK/Industrial_SAM/matlab_msg_gen_ros1/win64/devel/lib/site-packages/sam_custom_messages ...
Compiling C:/Users/inter/Documents/NatNet_SDK_3.1/NatNetSDK/Industrial_SAM/matlab_msg_gen_ros1/win64/devel/lib/site-packages/sam_custom_messages\__init__.py ...
Listing C:/Users/inter/Documents/NatNet_SDK_3.1/NatNetSDK/Industrial_SAM/matlab_msg_gen_ros1/win64/devel/lib/site-packages/sam_custom_messages\msg ...
Compiling C:/Users/inter/Documents/NatNet_SDK_3.1/NatNetSDK/Industrial_SAM/matlab_msg_gen_ros1/win64/devel/lib/site-packages/sam_custom_messages\msg\_Object.py ...
Compiling C:/Users/inter/Documents/NatNet_SDK_3.1/NatNetSDK/Industrial_SAM/matlab_msg_gen_ros1/win64/devel/lib/site-packages/sam_custom_messages\msg\__init__.py ...
Compiling C:/Users/inter/Documents/NatNet_SDK_3.1/NatNetSDK/Industrial_SAM/matlab_msg_gen_ros1/win64/devel/lib/site-packages/sam_custom_messages\msg\_capability.py ...
Compiling C:/Users/inter/Documents/NatNet_SDK_3.1/NatNetSDK/Industrial_SAM/matlab_msg_gen_ros1/win64/devel/lib/site-packages/sam_custom_messages\msg\_current_action.py ...
Compiling C:/Users/inter/Documents/NatNet_SDK_3.1/NatNetSDK/Industrial_SAM/matlab_msg_gen_ros1/win64/devel/lib/site-packages/sam_custom_messages\msg\_diagnostics.py ...
Compiling C:/Users/inter/Documents/NatNet_SDK_3.1/NatNetSDK/Industrial_SAM/matlab_msg_gen_ros1/win64/devel/lib/site-packages/sam_custom_messages\msg\_hand_pos.py ...
Compiling C:/Users/inter/Documents/NatNet_SDK_3.1/NatNetSDK/Industrial_SAM/matlab_msg_gen_ros1/win64/devel/lib/site-packages/sam_custom_messages\msg\_object_state.py ...
Compiling C:/Users/inter/Documents/NatNet_SDK_3.1/NatNetSDK/Industrial_SAM/matlab_msg_gen_ros1/win64/devel/lib/site-packages/sam_custom_messages\msg\_robot_state.py ...
Compiling C:/Users/inter/Documents/NatNet_SDK_3.1/NatNetSDK/Industrial_SAM/matlab_msg_gen_ros1/win64/devel/lib/site-packages/sam_custom_messages\msg\_user_prediction.py ...
-- Installing: C:/Users/inter/Documents/NatNet_SDK_3.1/NatNetSDK/Industrial_SAM/matlab_msg_gen_ros1/win64/install/lib/site-packages/sam_custom_messages
-- Installing: C:/Users/inter/Documents/NatNet_SDK_3.1/NatNetSDK/Industrial_SAM/matlab_msg_gen_ros1/win64/install/lib/site-packages/sam_custom_messages/msg
-- Installing: C:/Users/inter/Documents/NatNet_SDK_3.1/NatNetSDK/Industrial_SAM/matlab_msg_gen_ros1/win64/install/lib/site-packages/sam_custom_messages/msg/_capability.py
-- Installing: C:/Users/inter/Documents/NatNet_SDK_3.1/NatNetSDK/Industrial_SAM/matlab_msg_gen_ros1/win64/install/lib/site-packages/sam_custom_messages/msg/_capability.pyc
-- Installing: C:/Users/inter/Documents/NatNet_SDK_3.1/NatNetSDK/Industrial_SAM/matlab_msg_gen_ros1/win64/install/lib/site-packages/sam_custom_messages/msg/_current_action.py
-- Installing: C:/Users/inter/Documents/NatNet_SDK_3.1/NatNetSDK/Industrial_SAM/matlab_msg_gen_ros1/win64/install/lib/site-packages/sam_custom_messages/msg/_current_action.pyc
-- Installing: C:/Users/inter/Documents/NatNet_SDK_3.1/NatNetSDK/Industrial_SAM/matlab_msg_gen_ros1/win64/install/lib/site-packages/sam_custom_messages/msg/_diagnostics.py
-- Installing: C:/Users/inter/Documents/NatNet_SDK_3.1/NatNetSDK/Industrial_SAM/matlab_msg_gen_ros1/win64/install/lib/site-packages/sam_custom_messages/msg/_diagnostics.pyc
-- Installing: C:/Users/inter/Documents/NatNet_SDK_3.1/NatNetSDK/Industrial_SAM/matlab_msg_gen_ros1/win64/install/lib/site-packages/sam_custom_messages/msg/_hand_pos.py
-- Installing: C:/Users/inter/Documents/NatNet_SDK_3.1/NatNetSDK/Industrial_SAM/matlab_msg_gen_ros1/win64/install/lib/site-packages/sam_custom_messages/msg/_hand_pos.pyc
-- Installing: C:/Users/inter/Documents/NatNet_SDK_3.1/NatNetSDK/Industrial_SAM/matlab_msg_gen_ros1/win64/install/lib/site-packages/sam_custom_messages/msg/_Object.py
-- Installing: C:/Users/inter/Documents/NatNet_SDK_3.1/NatNetSDK/Industrial_SAM/matlab_msg_gen_ros1/win64/install/lib/site-packages/sam_custom_messages/msg/_Object.pyc
-- Installing: C:/Users/inter/Documents/NatNet_SDK_3.1/NatNetSDK/Industrial_SAM/matlab_msg_gen_ros1/win64/install/lib/site-packages/sam_custom_messages/msg/_object_state.py
-- Installing: C:/Users/inter/Documents/NatNet_SDK_3.1/NatNetSDK/Industrial_SAM/matlab_msg_gen_ros1/win64/install/lib/site-packages/sam_custom_messages/msg/_object_state.pyc
-- Installing: C:/Users/inter/Documents/NatNet_SDK_3.1/NatNetSDK/Industrial_SAM/matlab_msg_gen_ros1/win64/install/lib/site-packages/sam_custom_messages/msg/_robot_state.py
-- Installing: C:/Users/inter/Documents/NatNet_SDK_3.1/NatNetSDK/Industrial_SAM/matlab_msg_gen_ros1/win64/install/lib/site-packages/sam_custom_messages/msg/_robot_state.pyc
-- Installing: C:/Users/inter/Documents/NatNet_SDK_3.1/NatNetSDK/Industrial_SAM/matlab_msg_gen_ros1/win64/install/lib/site-packages/sam_custom_messages/msg/_user_prediction.py
-- Installing: C:/Users/inter/Documents/NatNet_SDK_3.1/NatNetSDK/Industrial_SAM/matlab_msg_gen_ros1/win64/install/lib/site-packages/sam_custom_messages/msg/_user_prediction.pyc
-- Installing: C:/Users/inter/Documents/NatNet_SDK_3.1/NatNetSDK/Industrial_SAM/matlab_msg_gen_ros1/win64/install/lib/site-packages/sam_custom_messages/msg/__init__.py
-- Installing: C:/Users/inter/Documents/NatNet_SDK_3.1/NatNetSDK/Industrial_SAM/matlab_msg_gen_ros1/win64/install/lib/site-packages/sam_custom_messages/msg/__init__.pyc
-- Installing: C:/Users/inter/Documents/NatNet_SDK_3.1/NatNetSDK/Industrial_SAM/matlab_msg_gen_ros1/win64/install/lib/site-packages/sam_custom_messages/__init__.py
-- Installing: C:/Users/inter/Documents/NatNet_SDK_3.1/NatNetSDK/Industrial_SAM/matlab_msg_gen_ros1/win64/install/lib/site-packages/sam_custom_messages/__init__.pyc
-- Installing: C:/Users/inter/Documents/NatNet_SDK_3.1/NatNetSDK/Industrial_SAM/matlab_msg_gen_ros1/win64/install/lib/pkgconfig/sam_custom_messages.pc
-- Installing: C:/Users/inter/Documents/NatNet_SDK_3.1/NatNetSDK/Industrial_SAM/matlab_msg_gen_ros1/win64/install/share/sam_custom_messages/cmake/sam_custom_messages-msg-extras.cmake
-- Installing: C:/Users/inter/Documents/NatNet_SDK_3.1/NatNetSDK/Industrial_SAM/matlab_msg_gen_ros1/win64/install/share/sam_custom_messages/cmake/sam_custom_messagesConfig.cmake
-- Installing: C:/Users/inter/Documents/NatNet_SDK_3.1/NatNetSDK/Industrial_SAM/matlab_msg_gen_ros1/win64/install/share/sam_custom_messages/cmake/sam_custom_messagesConfig-version.cmake
-- Installing: C:/Users/inter/Documents/NatNet_SDK_3.1/NatNetSDK/Industrial_SAM/matlab_msg_gen_ros1/win64/install/share/sam_custom_messages/package.xml
-- Up-to-date: C:/Users/inter/Documents/NatNet_SDK_3.1/NatNetSDK/Industrial_SAM/matlab_msg_gen_ros1/win64/install/include
-- Up-to-date: C:/Users/inter/Documents/NatNet_SDK_3.1/NatNetSDK/Industrial_SAM/matlab_msg_gen_ros1/win64/install/include/sam_custom_messages
-- Installing: C:/Users/inter/Documents/NatNet_SDK_3.1/NatNetSDK/Industrial_SAM/matlab_msg_gen_ros1/win64/install/include/sam_custom_messages/visibility_control.h
-- Installing: C:/Users/inter/Documents/NatNet_SDK_3.1/NatNetSDK/Industrial_SAM/matlab_msg_gen_ros1/win64/install/lib/sam_custom_messages_matlab.lib
-- Installing: C:/Users/inter/Documents/NatNet_SDK_3.1/NatNetSDK/Industrial_SAM/matlab_msg_gen_ros1/win64/install/bin/sam_custom_messages_matlab.dll
-- Installing: C:/Users/inter/Documents/NatNet_SDK_3.1/NatNetSDK/Industrial_SAM/matlab_msg_gen_ros1/win64/install/m/
-- Installing: C:/Users/inter/Documents/NatNet_SDK_3.1/NatNetSDK/Industrial_SAM/matlab_msg_gen_ros1/win64/install/m//+ros
-- Installing: C:/Users/inter/Documents/NatNet_SDK_3.1/NatNetSDK/Industrial_SAM/matlab_msg_gen_ros1/win64/install/m//+ros/+internal
-- Installing: C:/Users/inter/Documents/NatNet_SDK_3.1/NatNetSDK/Industrial_SAM/matlab_msg_gen_ros1/win64/install/m//+ros/+internal/+ros
-- Installing: C:/Users/inter/Documents/NatNet_SDK_3.1/NatNetSDK/Industrial_SAM/matlab_msg_gen_ros1/win64/install/m//+ros/+internal/+ros/+custommessages
-- Installing: C:/Users/inter/Documents/NatNet_SDK_3.1/NatNetSDK/Industrial_SAM/matlab_msg_gen_ros1/win64/install/m//+ros/+internal/+ros/+custommessages/+sam_custom_messages
-- Installing: C:/Users/inter/Documents/NatNet_SDK_3.1/NatNetSDK/Industrial_SAM/matlab_msg_gen_ros1/win64/install/m//+ros/+internal/+ros/+custommessages/+sam_custom_messages/capability.m
-- Installing: C:/Users/inter/Documents/NatNet_SDK_3.1/NatNetSDK/Industrial_SAM/matlab_msg_gen_ros1/win64/install/m//+ros/+internal/+ros/+custommessages/+sam_custom_messages/current_action.m
-- Installing: C:/Users/inter/Documents/NatNet_SDK_3.1/NatNetSDK/Industrial_SAM/matlab_msg_gen_ros1/win64/install/m//+ros/+internal/+ros/+custommessages/+sam_custom_messages/diagnostics.m
-- Installing: C:/Users/inter/Documents/NatNet_SDK_3.1/NatNetSDK/Industrial_SAM/matlab_msg_gen_ros1/win64/install/m//+ros/+internal/+ros/+custommessages/+sam_custom_messages/hand_pos.m
-- Installing: C:/Users/inter/Documents/NatNet_SDK_3.1/NatNetSDK/Industrial_SAM/matlab_msg_gen_ros1/win64/install/m//+ros/+internal/+ros/+custommessages/+sam_custom_messages/object.m
-- Installing: C:/Users/inter/Documents/NatNet_SDK_3.1/NatNetSDK/Industrial_SAM/matlab_msg_gen_ros1/win64/install/m//+ros/+internal/+ros/+custommessages/+sam_custom_messages/object_state.m
-- Installing: C:/Users/inter/Documents/NatNet_SDK_3.1/NatNetSDK/Industrial_SAM/matlab_msg_gen_ros1/win64/install/m//+ros/+internal/+ros/+custommessages/+sam_custom_messages/robot_state.m
-- Installing: C:/Users/inter/Documents/NatNet_SDK_3.1/NatNetSDK/Industrial_SAM/matlab_msg_gen_ros1/win64/install/m//+ros/+internal/+ros/+custommessages/+sam_custom_messages/user_prediction.m
-- Installing: C:/Users/inter/Documents/NatNet_SDK_3.1/NatNetSDK/Industrial_SAM/matlab_msg_gen_ros1/win64/install/m//+ros/+msggen
-- Installing: C:/Users/inter/Documents/NatNet_SDK_3.1/NatNetSDK/Industrial_SAM/matlab_msg_gen_ros1/win64/install/m//+ros/+msggen/+sam_custom_messages
-- Installing: C:/Users/inter/Documents/NatNet_SDK_3.1/NatNetSDK/Industrial_SAM/matlab_msg_gen_ros1/win64/install/m//+ros/+msggen/+sam_custom_messages/capability.m
-- Installing: C:/Users/inter/Documents/NatNet_SDK_3.1/NatNetSDK/Industrial_SAM/matlab_msg_gen_ros1/win64/install/m//+ros/+msggen/+sam_custom_messages/current_action.m
-- Installing: C:/Users/inter/Documents/NatNet_SDK_3.1/NatNetSDK/Industrial_SAM/matlab_msg_gen_ros1/win64/install/m//+ros/+msggen/+sam_custom_messages/diagnostics.m
-- Installing: C:/Users/inter/Documents/NatNet_SDK_3.1/NatNetSDK/Industrial_SAM/matlab_msg_gen_ros1/win64/install/m//+ros/+msggen/+sam_custom_messages/hand_pos.m
-- Installing: C:/Users/inter/Documents/NatNet_SDK_3.1/NatNetSDK/Industrial_SAM/matlab_msg_gen_ros1/win64/install/m//+ros/+msggen/+sam_custom_messages/Object.m
-- Installing: C:/Users/inter/Documents/NatNet_SDK_3.1/NatNetSDK/Industrial_SAM/matlab_msg_gen_ros1/win64/install/m//+ros/+msggen/+sam_custom_messages/object_state.m
-- Installing: C:/Users/inter/Documents/NatNet_SDK_3.1/NatNetSDK/Industrial_SAM/matlab_msg_gen_ros1/win64/install/m//+ros/+msggen/+sam_custom_messages/robot_state.m
-- Installing: C:/Users/inter/Documents/NatNet_SDK_3.1/NatNetSDK/Industrial_SAM/matlab_msg_gen_ros1/win64/install/m//+ros/+msggen/+sam_custom_messages/user_prediction.m
Base path: C:\Users\inter\Documents\NatNet_SDK_3.1\NatNetSDK\Industrial_SAM\matlab_msg_gen_ros1\win64
Source space: C:\Users\inter\Documents\NatNet_SDK_3.1\NatNetSDK\Industrial_SAM\matlab_msg_gen_ros1\win64\src
Build space: C:\Users\inter\Documents\NatNet_SDK_3.1\NatNetSDK\Industrial_SAM\matlab_msg_gen_ros1\win64\build
Devel space: C:\Users\inter\Documents\NatNet_SDK_3.1\NatNetSDK\Industrial_SAM\matlab_msg_gen_ros1\win64\devel
Install space: C:\Users\inter\Documents\NatNet_SDK_3.1\NatNetSDK\Industrial_SAM\matlab_msg_gen_ros1\win64\install
Copying file from "C:\PROGRA~1\MATLAB\R2020b\sys\ros1\win64\ros1\share\catkin\cmake\toplevel.cmake" to "C:\Users\inter\Documents\NatNet_SDK_3.1\NatNetSDK\Industrial_SAM\matlab_msg_gen_ros1\win64\src\CMakeLists.txt"
####
#### Running command: "cmake C:\Users\inter\Documents\NatNet_SDK_3.1\NatNetSDK\Industrial_SAM\matlab_msg_gen_ros1\win64\src -DBoost_NAMESPACE=mwboost -DCATKIN_ENABLE_TESTING=off -DCMAKE_CXX_COMPILER=cl.exe -DCMAKE_C_COMPILER=cl.exe -DCMAKE_LINKER=link.exe -DMSVC_TOOLSET_VERSION=141 -DCMAKE_PREFIX_PATH=C:\Program Files\MATLAB\R2020b\sys\ros1\win64\ros1;C:/Program Files/MATLAB/R2020b/toolbox/ros/mlroscpp/custom_messages -DCMAKE_BUILD_TYPE=Release -DCMAKE_CXX_FLAGS_RELEASE=/MD /Od /Ob2 /DNDEBUG -DCATKIN_DEVEL_PREFIX=C:\Users\inter\Documents\NatNet_SDK_3.1\NatNetSDK\Industrial_SAM\matlab_msg_gen_ros1\win64\devel -DCMAKE_INSTALL_PREFIX=C:\Users\inter\Documents\NatNet_SDK_3.1\NatNetSDK\Industrial_SAM\matlab_msg_gen_ros1\win64\install -G Ninja" in "C:\Users\inter\Documents\NatNet_SDK_3.1\NatNetSDK\Industrial_SAM\matlab_msg_gen_ros1\win64\build"
####
####
#### Running command: "ninja install install -j12 -l12" in "C:\Users\inter\Documents\NatNet_SDK_3.1\NatNetSDK\Industrial_SAM\matlab_msg_gen_ros1\win64\build"
####
