The system is: Windows - 10.0.18363 - AMD64
Compiling the C compiler identification source file "CMakeCCompilerId.c" succeeded.
Compiler: C:/Program Files (x86)/Microsoft Visual Studio/2017/Community/VC/Tools/MSVC/14.16.27023/bin/Hostx86/x64/cl.exe 
Build flags: 
Id flags:  

The output was:
0
Microsoft (R) C/C++ Optimizing Compiler Version 19.16.27044 for x64
Copyright (C) Microsoft Corporation.  All rights reserved.

CMakeCCompilerId.c
Microsoft (R) Incremental Linker Version 14.16.27044.0
Copyright (C) Microsoft Corporation.  All rights reserved.

/out:CMakeCCompilerId.exe 
CMakeCCompilerId.obj 


Compilation of the C compiler identification source "CMakeCCompilerId.c" produced "CMakeCCompilerId.exe"

Compilation of the C compiler identification source "CMakeCCompilerId.c" produced "CMakeCCompilerId.obj"

The C compiler identification is MSVC, found in "C:/Users/inter/Documents/NatNet_SDK_3.1/NatNetSDK/Industrial_SAM/matlab_msg_gen_ros1/win64/build/CMakeFiles/3.18.4/CompilerIdC/CMakeCCompilerId.exe"

Compiling the CXX compiler identification source file "CMakeCXXCompilerId.cpp" succeeded.
Compiler: C:/Program Files (x86)/Microsoft Visual Studio/2017/Community/VC/Tools/MSVC/14.16.27023/bin/Hostx86/x64/cl.exe 
Build flags: 
Id flags:  

The output was:
0
Microsoft (R) C/C++ Optimizing Compiler Version 19.16.27044 for x64
Copyright (C) Microsoft Corporation.  All rights reserved.

CMakeCXXCompilerId.cpp
Microsoft (R) Incremental Linker Version 14.16.27044.0
Copyright (C) Microsoft Corporation.  All rights reserved.

/out:CMakeCXXCompilerId.exe 
CMakeCXXCompilerId.obj 


Compilation of the CXX compiler identification source "CMakeCXXCompilerId.cpp" produced "CMakeCXXCompilerId.exe"

Compilation of the CXX compiler identification source "CMakeCXXCompilerId.cpp" produced "CMakeCXXCompilerId.obj"

The CXX compiler identification is MSVC, found in "C:/Users/inter/Documents/NatNet_SDK_3.1/NatNetSDK/Industrial_SAM/matlab_msg_gen_ros1/win64/build/CMakeFiles/3.18.4/CompilerIdCXX/CMakeCXXCompilerId.exe"

Detecting C compiler ABI info compiled with the following output:
Change Dir: C:/Users/inter/Documents/NatNet_SDK_3.1/NatNetSDK/Industrial_SAM/matlab_msg_gen_ros1/win64/build/CMakeFiles/CMakeTmp

Run Build Command(s):C:/PROGRA~1/MATLAB/R2020b/toolbox/shared/coder/ninja/win64/ninja.exe cmTC_980e0 && [1/2] Building C object CMakeFiles\cmTC_980e0.dir\CMakeCCompilerABI.c.obj
[2/2] Linking C executable cmTC_980e0.exe



Detecting CXX compiler ABI info compiled with the following output:
Change Dir: C:/Users/inter/Documents/NatNet_SDK_3.1/NatNetSDK/Industrial_SAM/matlab_msg_gen_ros1/win64/build/CMakeFiles/CMakeTmp

Run Build Command(s):C:/PROGRA~1/MATLAB/R2020b/toolbox/shared/coder/ninja/win64/ninja.exe cmTC_5047d && [1/2] Building CXX object CMakeFiles\cmTC_5047d.dir\CMakeCXXCompilerABI.cpp.obj
[2/2] Linking CXX executable cmTC_5047d.exe



